/home/mchalak/marid_ws/install/marid_logging/lib/python3.12/site-packages/marid_logging/pose_estimator_logger.py
/home/mchalak/marid_ws/install/marid_logging/lib/python3.12/site-packages/marid_logging/imu_physics_position_logger.py
/home/mchalak/marid_ws/install/marid_logging/lib/python3.12/site-packages/marid_logging/marid_data_logger.py
/home/mchalak/marid_ws/install/marid_logging/lib/python3.12/site-packages/marid_logging/imu_logger.py
/home/mchalak/marid_ws/install/marid_logging/lib/python3.12/site-packages/marid_logging/__init__.py
/home/mchalak/marid_ws/install/marid_logging/lib/python3.12/site-packages/marid_logging/__pycache__/pose_estimator_logger.cpython-312.pyc
/home/mchalak/marid_ws/install/marid_logging/lib/python3.12/site-packages/marid_logging/__pycache__/imu_physics_position_logger.cpython-312.pyc
/home/mchalak/marid_ws/install/marid_logging/lib/python3.12/site-packages/marid_logging/__pycache__/marid_data_logger.cpython-312.pyc
/home/mchalak/marid_ws/install/marid_logging/lib/python3.12/site-packages/marid_logging/__pycache__/imu_logger.cpython-312.pyc
/home/mchalak/marid_ws/install/marid_logging/lib/python3.12/site-packages/marid_logging/__pycache__/__init__.cpython-312.pyc
/home/mchalak/marid_ws/install/marid_logging/share/ament_index/resource_index/packages/marid_logging
/home/mchalak/marid_ws/install/marid_logging/share/marid_logging/package.xml
/home/mchalak/marid_ws/install/marid_logging/lib/python3.12/site-packages/marid_logging-0.1.0-py3.12.egg-info/PKG-INFO
/home/mchalak/marid_ws/install/marid_logging/lib/python3.12/site-packages/marid_logging-0.1.0-py3.12.egg-info/SOURCES.txt
/home/mchalak/marid_ws/install/marid_logging/lib/python3.12/site-packages/marid_logging-0.1.0-py3.12.egg-info/top_level.txt
/home/mchalak/marid_ws/install/marid_logging/lib/python3.12/site-packages/marid_logging-0.1.0-py3.12.egg-info/requires.txt
/home/mchalak/marid_ws/install/marid_logging/lib/python3.12/site-packages/marid_logging-0.1.0-py3.12.egg-info/dependency_links.txt
/home/mchalak/marid_ws/install/marid_logging/lib/python3.12/site-packages/marid_logging-0.1.0-py3.12.egg-info/entry_points.txt
/home/mchalak/marid_ws/install/marid_logging/lib/python3.12/site-packages/marid_logging-0.1.0-py3.12.egg-info/zip-safe
/home/mchalak/marid_ws/install/marid_logging/lib/marid_logging/imu_logger
/home/mchalak/marid_ws/install/marid_logging/lib/marid_logging/imu_physics_position_logger
/home/mchalak/marid_ws/install/marid_logging/lib/marid_logging/marid_data_logger
/home/mchalak/marid_ws/install/marid_logging/lib/marid_logging/pose_estimator_logger
